########################BEGIN########################
Exporting torchflame
Exported UVMap coordinates for torchflame
Exported 1 frame(s) for torchflame
Header Information
Ident: IDP3
Version: 15
Name: models/sprites/torchflame1/tris.md3
Flags: 0
Number of Frames: 1
Number of Tags: 0
Number of Surfaces: 1
Number of Skins: 0
Offset Frames: 108
Offset Tags: 164
Offset Surfaces: 164
Offset end: 1396
Total Shaders: 1
Total Triangles: 24
Total Vertices: 48
MD3 saved to M:\Quake\quake2\baseq2\models\sprites\torchflame1\tris.md3
Elapsed 0.00917 seconds
